<?xml version="1.0" encoding="UTF-8"?>
<!-- Generated by org.testng.reporters.JUnitReportReporter -->
<testsuite hostname="SHRAVAN" failures="0" tests="1" name="Crdatest.Crda_test" time="25.507" errors="0" timestamp="2024-04-16T18:00:25 IST" skipped="0">
  <testcase classname="Crdatest.Crda_test" name="PlotsFileupload" time="25.507"/>
  <system-out/>
</testsuite> <!-- Crdatest.Crda_test -->
