<?xml version="1.0" encoding="UTF-8"?>
<!-- Generated by org.testng.reporters.JUnitReportReporter -->
<testsuite hostname="SHRAVAN" failures="0" tests="1" name="CRDA_Pages.Crda_test" time="3.348" errors="0" timestamp="2024-04-19T17:21:15 IST" skipped="0">
  <testcase classname="CRDA_Pages.Crda_test" name="PlotsFileupload" time="3.348"/>
  <system-out/>
</testsuite> <!-- CRDA_Pages.Crda_test -->
